Arguments: 
  C:\Program Files\nodejs\node.exe C:\Users\Maciek\AppData\Roaming\npm\node_modules\yarn\bin\yarn.js

PATH: 
  D:\Programming\Projects\Service Base\node_modules\.bin;C:\Windows\system32;C:\Windows;C:\Windows\System32\Wbem;C:\Windows\System32\WindowsPowerShell\v1.0\;C:\Windows\System32\OpenSSH\;C:\Program Files\Microsoft SQL Server\130\Tools\Binn\;D:\Studies\doxygen\bin;C:\Program Files\nodejs\;C:\Program Files\Git\cmd;C:\Users\Maciek\AppData\Local\Microsoft\WindowsApps;C:\Users\Maciek\Desktop\Desktop\test\miktex\bin\x64\;C:\Users\Maciek\AppData\Local\Programs\Microsoft VS Code\bin;C:\Users\Maciek\AppData\Roaming\npm;C:\Programy\CLion\bin;;C:\Programy\DataGrip\bin;;C:\Programy\WebStorm\bin;

Yarn version: 
  1.22.4

Node version: 
  13.8.0

Platform: 
  win32 x64

Trace: 
  SyntaxError: D:\Programming\Projects\Service Base\package.json: Unexpected token } in JSON at position 1321
      at JSON.parse (<anonymous>)
      at C:\Users\Maciek\AppData\Roaming\npm\node_modules\yarn\lib\cli.js:1625:59
      at Generator.next (<anonymous>)
      at step (C:\Users\Maciek\AppData\Roaming\npm\node_modules\yarn\lib\cli.js:310:30)
      at C:\Users\Maciek\AppData\Roaming\npm\node_modules\yarn\lib\cli.js:321:13

npm manifest: 
  {
    "name": "bank",
    "version": "1.0.0",
    "main": "app.ts",
    "author": "Maciej",
    "license": "MIT",
    "scripts": {
      "start": "webpack -w --config webpack.config.js",
      "prebuild": "npm run clean",
      "build": "cross-env NODE_ENV=production webpack --config webpack.config.js",
      "clean": "rimraf dist"
    },
    "devDependencies": {
      "@babel/core": "^7.9.0",
      "@babel/preset-env": "^7.9.0",
      "@babel/register": "^7.9.0",
      "babel-loader": "^8.1.0",
      "browser-sync": "^2.26.7",
      "browser-sync-webpack-plugin": "^2.2.2",
      "chai": "^4.2.0",
      "copy-webpack-plugin": "^5.1.1",
      "cross-env": "^7.0.2",
      "css-loader": "^3.4.2",
      "file-loader": "^6.0.0",
      "html-webpack-plugin": "^4.0.2",
      "imagemin-webpack-plugin": "^2.4.2",
      "mini-css-extract-plugin": "^0.9.0",
      "mocha": "^7.1.1",
      "rimraf": "^3.0.2",
      "sass": "^1.26.10",
      "sass-loader": "^8.0.2",
      "sinon": "^9.0.1",
      "style-loader": "^1.1.3",
      "svg-inline-loader": "^0.8.2",
      "svgo": "^1.3.2",
      "svgo-loader": "^2.2.1",
      "ts-loader": "^5.3.0",
      "tslint": "^6.1.1",
      "typescript": "^3.8.3",
      "url-loader": "^4.0.0",
      "webpack": "^4.42.1",
      "webpack-cli": "^3.3.11"
    },
    "browserslist": [
      "> .05%"
    ],
    "dependencies": {
      "@fortawesome/fontawesome-free": "^5.12.1",
    }
  }

yarn manifest: 
  No manifest

Lockfile: 
  No lockfile
